app/build/outputs/mapping/release/seeds.txt
me.binhmod.fps.MainActivity
me.binhmod.fps.FPSService
me.binhmod.fps.MainActivity: MainActivity()
me.binhmod.fps.FPSService: FPSService()
...
rikka.shizuku.ShizukuProvider
moe.shizuku.api.BinderContainer
androidx.annotation.Keep
rikka.shizuku.ShizukuRemoteProcess: android.os.Parcelable$Creator CREATOR
moe.shizuku.api.BinderContainer: android.os.Parcelable$Creator CREATOR
rikka.shizuku.ShizukuProvider: ShizukuProvider()