app/build/outputs/mapping/release/mapping.txt
# compiler: R8
# compiler_version: 8.13.6
# min_api: 26
# common_typos_disable
# {"id":"com.android.tools.r8.mapping","version":"2.2"}
# pg_map_id: 79ab6e3bce9139c744e82e88afa60443d8413c55122eb863cd2c7cf8b496ba16
# pg_map_hash: SHA-256 79ab6e3bce9139c744e82e88afa60443d8413c55122eb863cd2c7cf8b496ba16
me.binhmod.fps.FPSService -> me.binhmod.fps.FPSService:
# {"id":"sourceFile","fileName":"FPSService.java"}
    android.view.WindowManager wm -> a
    me.binhmod.fps.FPSView view -> b
      # {"id":"com.android.tools.r8.residualsignature","signature":"Lb/a;"}
    android.view.WindowManager$LayoutParams params -> c
    int mode -> d
    boolean running -> e
    java.lang.String currentPkg -> f
    long lastTotalFrames -> g
    long lastTime -> h
    int lastCalculatedFps -> i
    java.util.LinkedList fpsWindow -> j
    int WINDOW_SIZE -> k
    java.util.regex.Pattern framePattern -> l
    me.binhmod.fps.FPSService instance -> m
    1:1:void <clinit>():0:0 -> <clinit>
    1:4:void <init>():19:19 -> <init>
    5:6:void <init>():24:24 -> <init>
    7:12:void <init>():25:25 -> <init>
    13:17:void <init>():27:27 -> <init>
    18:19:void <init>():28:28 -> <init>
    20:27:void <init>():30:30 -> <init>
    28:29:void <init>():31:31 -> <init>
    30:38:void <init>():34:34 -> <init>
    1:3:java.lang.String -$$Nest$fgetcurrentPkg(me.binhmod.fps.FPSService):0:0 -> a
      # {"id":"com.android.tools.r8.synthesized"}
    1:3:java.util.LinkedList -$$Nest$fgetfpsWindow(me.binhmod.fps.FPSService):0:0 -> b
      # {"id":"com.android.tools.r8.synthesized"}
    1:3:android.view.WindowManager$LayoutParams -$$Nest$fgetparams(me.binhmod.fps.FPSService):0:0 -> c
      # {"id":"com.android.tools.r8.synthesized"}
    1:3:boolean -$$Nest$fgetrunning(me.binhmod.fps.FPSService):0:0 -> d
me.binhmod.fps.FPSService$1 -> me.binhmod.fps.FPSService$a:
# {"id":"sourceFile","fileName":"FPSService.java"}
    me.binhmod.fps.FPSService this$0 -> a
    1:6:void <init>(me.binhmod.fps.FPSService):81:81 -> <init>
    1:8:void run():84:84 -> run
    9:16:void run():86:86 -> run
    17:21:void run():87:87 -> run
    22:27:void run():89:89 -> run
    28:40:void run():91:91 -> run
    41:62:void run():92:92 -> run
    63:91:void run():95:95 -> run
    92:102:void run():96:96 -> run
    103:118:void run():98:98 -> run
    119:134:void run():99:99 -> run
    135:140:void run():108:108 -> run
me.binhmod.fps.FPSService$1$1 -> me.binhmod.fps.FPSService$a$a:
# {"id":"sourceFile","fileName":"FPSService.java"}
    int val$smoothedFps -> a
    me.binhmod.fps.FPSService$1 this$1 -> b
      # {"id":"com.android.tools.r8.residualsignature","signature":"Lme/binhmod/fps/FPSService$a;"}
    1:8:void <init>(me.binhmod.fps.FPSService$1,int):99:99 -> <init>
      # {"id":"com.android.tools.r8.residualsignature","signature":"(Lme/binhmod/fps/FPSService$a;I)V"}
    1:24:void run():102:102 -> run
    25:46:void run():103:103 -> run
me.binhmod.fps.FPSService$2 -> me.binhmod.fps.FPSService$b:
# {"id":"sourceFile","fileName":"FPSService.java"}
    int x -> a
    int y -> b
    float tx -> c
    float ty -> d
    long lastTap -> e
    me.binhmod.fps.FPSService this$0 -> f
    1:6:void <init>(me.binhmod.fps.FPSService):171:171 -> <init>
    1:23:boolean onTouch(android.view.View,android.view.MotionEvent):174:174 -> onTouch
    24:34:boolean onTouch(android.view.View,android.view.MotionEvent):175:175 -> onTouch
    35:53:boolean onTouch(android.view.View,android.view.MotionEvent):182:182 -> onTouch
    54:72:boolean onTouch(android.view.View,android.view.MotionEvent):183:183 -> onTouch
    73:94:boolean onTouch(android.view.View,android.view.MotionEvent):184:184 -> onTouch
    95:112:boolean onTouch(android.view.View,android.view.MotionEvent):177:177 -> onTouch
    113:118:boolean onTouch(android.view.View,android.view.MotionEvent):178:178 -> onTouch
    119:152:boolean onTouch(android.view.View,android.view.MotionEvent):179:179 -> onTouch
...
moe.shizuku.server.IShizukuService -> c.c:
# {"id":"sourceFile","fileName":"IShizukuService.java"}
    moe.shizuku.server.IRemoteProcess newProcess(java.lang.String[],java.lang.String[],java.lang.String) -> g
      # {"id":"com.android.tools.r8.residualsignature","signature":"([Ljava/lang/String;[Ljava/lang/String;Ljava/lang/String;)Lc/a;"}
    boolean checkSelfPermission() -> h
    void requestPermission(int) -> i
moe.shizuku.server.IShizukuService$Stub -> c.c$a:
# {"id":"sourceFile","fileName":"IShizukuService.java"}
    5:12:moe.shizuku.server.IShizukuService asInterface(android.os.IBinder):105:105 -> m
      # {"id":"com.android.tools.r8.residualsignature","signature":"(Landroid/os/IBinder;)Lc/c;"}
    13:16:moe.shizuku.server.IShizukuService asInterface(android.os.IBinder):106:106 -> m
    17:19:moe.shizuku.server.IShizukuService asInterface(android.os.IBinder):107:107 -> m
    20:25:moe.shizuku.server.IShizukuService asInterface(android.os.IBinder):109:109 -> m
    1:3:moe.shizuku.server.IShizukuService getDefaultImpl():849:849 -> n
      # {"id":"com.android.tools.r8.residualsignature","signature":"()Lc/c;"}
moe.shizuku.server.IShizukuService$Stub$Proxy -> c.c$a$a:
# {"id":"sourceFile","fileName":"IShizukuService.java"}
    android.os.IBinder mRemote -> a
    moe.shizuku.server.IShizukuService sDefaultImpl -> b
      # {"id":"com.android.tools.r8.residualsignature","signature":"Lc/c;"}
    1:3:void <init>(android.os.IBinder):366:366 -> <init>
    4:6:void <init>(android.os.IBinder):367:367 -> <init>
    1:3:android.os.IBinder asBinder():371:371 -> asBinder
    1:2:moe.shizuku.server.IRemoteProcess newProcess(java.lang.String[],java.lang.String[],java.lang.String):440:441 -> g
      # {"id":"com.android.tools.r8.residualsignature","signature":"([Ljava/lang/String;[Ljava/lang/String;Ljava/lang/String;)Lc/a;"}
    3:9:moe.shizuku.server.IRemoteProcess newProcess(java.lang.String[],java.lang.String[],java.lang.String):444:450 -> g
    10:11:moe.shizuku.server.IRemoteProcess newProcess(java.lang.String[],java.lang.String[],java.lang.String):456:457 -> g
    12:13:moe.shizuku.server.IRemoteProcess newProcess(java.lang.String[],java.lang.String[],java.lang.String):452:453 -> g
    14:16:moe.shizuku.server.IRemoteProcess newProcess(java.lang.String[],java.lang.String[],java.lang.String):456:458 -> g
    1:4:boolean checkSelfPermission():620:620 -> h
    5:8:boolean checkSelfPermission():621:621 -> h
    9:13:boolean checkSelfPermission():624:624 -> h
    14:24:boolean checkSelfPermission():625:625 -> h
    25:30:boolean checkSelfPermission():626:626 -> h