app/build/outputs/mapping/release/usage.txt
me.binhmod.fps.MainActivity:
    private static final int REQ
me.binhmod.fps.R$drawable
me.binhmod.fps.R$mipmap
me.binhmod.fps.R$xml
me.binhmod.fps.R
...
androidx.annotation.Size
androidx.annotation.StringDef
androidx.annotation.StringRes
androidx.annotation.StyleRes
androidx.annotation.StyleableRes
androidx.annotation.TransitionRes
androidx.annotation.UiContext
androidx.annotation.UiThread
androidx.annotation.VisibleForTesting
androidx.annotation.WorkerThread
androidx.annotation.XmlRes
moe.shizuku.server.IRemoteProcess$Default
moe.shizuku.server.IRemoteProcess$Stub$Proxy:
    public boolean alive()
    public java.lang.String getInterfaceDescriptor()
    public boolean waitForTimeout(long,java.lang.String)
moe.shizuku.server.IRemoteProcess$Stub:
    private static final java.lang.String DESCRIPTOR
    static final int TRANSACTION_alive
    static final int TRANSACTION_destroy
    static final int TRANSACTION_exitValue
    static final int TRANSACTION_getErrorStream
    static final int TRANSACTION_getInputStream
    static final int TRANSACTION_getOutputStream
    static final int TRANSACTION_waitFor
    static final int TRANSACTION_waitForTimeout
    public void <init>()
    public android.os.IBinder asBinder()
    public boolean onTransact(int,android.os.Parcel,android.os.Parcel,int)
    public static boolean setDefaultImpl(moe.shizuku.server.IRemoteProcess)
moe.shizuku.server.IRemoteProcess:
    public abstract boolean alive()
    public abstract boolean waitForTimeout(long,java.lang.String)
moe.shizuku.server.IShizukuApplication$Default
moe.shizuku.server.IShizukuApplication$Stub$Proxy
moe.shizuku.server.IShizukuApplication$Stub:
    private static final java.lang.String DESCRIPTOR
    static final int TRANSACTION_bindApplication
    static final int TRANSACTION_dispatchRequestPermissionResult
    static final int TRANSACTION_showPermissionConfirmation
    public static moe.shizuku.server.IShizukuApplication asInterface(android.os.IBinder)
    public static moe.shizuku.server.IShizukuApplication getDefaultImpl()
    public static boolean setDefaultImpl(moe.shizuku.server.IShizukuApplication)
moe.shizuku.server.IShizukuService$Default
moe.shizuku.server.IShizukuService$Stub$Proxy:
    public int addUserService(moe.shizuku.server.IShizukuServiceConnection,android.os.Bundle)
    public void attachApplication(moe.shizuku.server.IShizukuApplication,java.lang.String)
    public void attachUserService(android.os.IBinder,android.os.Bundle)
    public int checkPermission(java.lang.String)
    public void dispatchPackageChanged(android.content.Intent)
    public void dispatchPermissionConfirmationResult(int,int,int,android.os.Bundle)
    public void exit()
    public int getFlagsForUid(int,int)
    public java.lang.String getInterfaceDescriptor()
    public java.lang.String getSELinuxContext()
    public java.lang.String getSystemProperty(java.lang.String,java.lang.String)
    public int getUid()
    public int getVersion()
    public boolean isHidden(int)
    public int removeUserService(moe.shizuku.server.IShizukuServiceConnection,android.os.Bundle)
    public void setSystemProperty(java.lang.String,java.lang.String)
    public boolean shouldShowRequestPermissionRationale()
    public void updateFlagsForUid(int,int,int)